2017-10-18 09:54:49||main||INFO||org.springframework.context.annotation.AnnotationConfigApplicationContext:583||Refreshing org.springframework.context.annotation.AnnotationConfigApplicationContext@5456afaa: startup date [Wed Oct 18 09:54:49 GMT+08:00 2017]; root of context hierarchy || ||
2017-10-18 09:54:50||main||INFO||org.springframework.beans.factory.annotation.AutowiredAnnotationBeanPostProcessor:155||JSR-330 'javax.inject.Inject' annotation found and supported for autowiring || ||
2017-10-18 09:54:50||background-preinit||INFO||org.hibernate.validator.internal.util.Version:30||HV000001: Hibernate Validator 5.3.5.Final || ||
2017-10-18 09:54:50||main||INFO||org.springframework.context.support.PostProcessorRegistrationDelegate$BeanPostProcessorChecker:325||Bean 'configurationPropertiesRebinderAutoConfiguration' of type [org.springframework.cloud.autoconfigure.ConfigurationPropertiesRebinderAutoConfiguration$$EnhancerBySpringCGLIB$$ec04dae0] is not eligible for getting processed by all BeanPostProcessors (for example: not eligible for auto-proxying) || ||
2017-10-18 09:54:50||main||INFO||com.bbd.eurake.EurakeApplication:593||No active profile set, falling back to default profiles: default || ||
2017-10-18 09:54:50||main||INFO||org.springframework.boot.context.embedded.AnnotationConfigEmbeddedWebApplicationContext:583||Refreshing org.springframework.boot.context.embedded.AnnotationConfigEmbeddedWebApplicationContext@76b224cd: startup date [Wed Oct 18 09:54:50 GMT+08:00 2017]; parent: org.springframework.context.annotation.AnnotationConfigApplicationContext@5456afaa || ||
2017-10-18 09:54:51||main||INFO||org.springframework.cloud.context.scope.GenericScope:263||BeanFactory id=b6dcb40e-0908-3740-b850-30e8a7838486 || ||
2017-10-18 09:54:51||main||INFO||org.springframework.beans.factory.annotation.AutowiredAnnotationBeanPostProcessor:155||JSR-330 'javax.inject.Inject' annotation found and supported for autowiring || ||
2017-10-18 09:54:51||main||INFO||org.springframework.context.support.PostProcessorRegistrationDelegate$BeanPostProcessorChecker:325||Bean 'org.springframework.cloud.netflix.metrics.MetricsInterceptorConfiguration$MetricsRestTemplateConfiguration' of type [org.springframework.cloud.netflix.metrics.MetricsInterceptorConfiguration$MetricsRestTemplateConfiguration$$EnhancerBySpringCGLIB$$2177e24] is not eligible for getting processed by all BeanPostProcessors (for example: not eligible for auto-proxying) || ||
2017-10-18 09:54:51||main||INFO||org.springframework.context.support.PostProcessorRegistrationDelegate$BeanPostProcessorChecker:325||Bean 'org.springframework.cloud.autoconfigure.ConfigurationPropertiesRebinderAutoConfiguration' of type [org.springframework.cloud.autoconfigure.ConfigurationPropertiesRebinderAutoConfiguration$$EnhancerBySpringCGLIB$$ec04dae0] is not eligible for getting processed by all BeanPostProcessors (for example: not eligible for auto-proxying) || ||
2017-10-18 09:54:52||main||INFO||org.springframework.boot.context.embedded.tomcat.TomcatEmbeddedServletContainer:89||Tomcat initialized with port(s): 8761 (http) || ||
2017-10-18 09:54:52||main||INFO||org.apache.catalina.core.StandardService:179||Starting service [Tomcat] || ||
2017-10-18 09:54:52||main||INFO||org.apache.catalina.core.StandardEngine:179||Starting Servlet Engine: Apache Tomcat/8.5.20 || ||
2017-10-18 09:54:52||localhost-startStop-1||INFO||org.apache.catalina.core.ContainerBase.[Tomcat].[localhost].[/]:179||Initializing Spring embedded WebApplicationContext || ||
2017-10-18 09:54:52||localhost-startStop-1||INFO||org.springframework.web.context.ContextLoader:276||Root WebApplicationContext: initialization completed in 1735 ms || ||
2017-10-18 09:54:53||localhost-startStop-1||INFO||org.springframework.boot.web.servlet.FilterRegistrationBean:258||Mapping filter: 'metricsFilter' to: [/*] || ||
2017-10-18 09:54:53||localhost-startStop-1||INFO||org.springframework.boot.web.servlet.FilterRegistrationBean:258||Mapping filter: 'characterEncodingFilter' to: [/*] || ||
2017-10-18 09:54:53||localhost-startStop-1||INFO||org.springframework.boot.web.servlet.FilterRegistrationBean:258||Mapping filter: 'hiddenHttpMethodFilter' to: [/*] || ||
2017-10-18 09:54:53||localhost-startStop-1||INFO||org.springframework.boot.web.servlet.FilterRegistrationBean:258||Mapping filter: 'httpPutFormContentFilter' to: [/*] || ||
2017-10-18 09:54:53||localhost-startStop-1||INFO||org.springframework.boot.web.servlet.FilterRegistrationBean:258||Mapping filter: 'requestContextFilter' to: [/*] || ||
2017-10-18 09:54:53||localhost-startStop-1||INFO||org.springframework.boot.web.servlet.FilterRegistrationBean:258||Mapping filter: 'webRequestTraceFilter' to: [/*] || ||
2017-10-18 09:54:53||localhost-startStop-1||INFO||org.springframework.boot.web.servlet.FilterRegistrationBean:271||Mapping filter: 'servletContainer' to urls: [/eureka/*] || ||
2017-10-18 09:54:53||localhost-startStop-1||INFO||org.springframework.boot.web.servlet.FilterRegistrationBean:258||Mapping filter: 'applicationContextIdFilter' to: [/*] || ||
2017-10-18 09:54:53||localhost-startStop-1||INFO||org.springframework.boot.web.servlet.ServletRegistrationBean:190||Mapping servlet: 'dispatcherServlet' to [/] || ||
2017-10-18 09:54:53||localhost-startStop-1||INFO||com.sun.jersey.server.impl.application.WebApplicationImpl:815||Initiating Jersey application, version 'Jersey: 1.19.1 03/11/2016 02:08 PM' || ||
2017-10-18 09:54:53||localhost-startStop-1||INFO||com.netflix.discovery.provider.DiscoveryJerseyProvider:70||Using JSON encoding codec LegacyJacksonJson || ||
2017-10-18 09:54:53||localhost-startStop-1||INFO||com.netflix.discovery.provider.DiscoveryJerseyProvider:71||Using JSON decoding codec LegacyJacksonJson || ||
2017-10-18 09:54:53||localhost-startStop-1||INFO||com.netflix.discovery.provider.DiscoveryJerseyProvider:80||Using XML encoding codec XStreamXml || ||
2017-10-18 09:54:53||localhost-startStop-1||INFO||com.netflix.discovery.provider.DiscoveryJerseyProvider:81||Using XML decoding codec XStreamXml || ||
2017-10-18 09:54:54||main||WARN||org.springframework.cloud.netflix.archaius.ArchaiusAutoConfiguration:147||No spring.application.name found, defaulting to 'application' || ||
2017-10-18 09:54:54||main||WARN||com.netflix.config.sources.URLConfigurationSource:121||No URLs will be polled as dynamic configuration sources. || ||
2017-10-18 09:54:54||main||INFO||com.netflix.config.sources.URLConfigurationSource:122||To enable URLs as dynamic configuration sources, define System property archaius.configurationSource.additionalUrls or make config.properties available on classpath. || ||
2017-10-18 09:54:54||main||WARN||com.netflix.config.sources.URLConfigurationSource:121||No URLs will be polled as dynamic configuration sources. || ||
2017-10-18 09:54:54||main||INFO||com.netflix.config.sources.URLConfigurationSource:122||To enable URLs as dynamic configuration sources, define System property archaius.configurationSource.additionalUrls or make config.properties available on classpath. || ||
2017-10-18 09:54:54||main||INFO||org.springframework.web.servlet.mvc.method.annotation.RequestMappingHandlerAdapter:534||Looking for @ControllerAdvice: org.springframework.boot.context.embedded.AnnotationConfigEmbeddedWebApplicationContext@76b224cd: startup date [Wed Oct 18 09:54:50 GMT+08:00 2017]; parent: org.springframework.context.annotation.AnnotationConfigApplicationContext@5456afaa || ||
2017-10-18 09:54:54||main||INFO||org.springframework.web.servlet.mvc.method.annotation.RequestMappingHandlerMapping:543||Mapped "{[/error]}" onto public org.springframework.http.ResponseEntity<java.util.Map<java.lang.String, java.lang.Object>> org.springframework.boot.autoconfigure.web.BasicErrorController.error(javax.servlet.http.HttpServletRequest) || ||
2017-10-18 09:54:54||main||INFO||org.springframework.web.servlet.mvc.method.annotation.RequestMappingHandlerMapping:543||Mapped "{[/error],produces=[text/html]}" onto public org.springframework.web.servlet.ModelAndView org.springframework.boot.autoconfigure.web.BasicErrorController.errorHtml(javax.servlet.http.HttpServletRequest,javax.servlet.http.HttpServletResponse) || ||
2017-10-18 09:54:54||main||INFO||org.springframework.web.servlet.mvc.method.annotation.RequestMappingHandlerMapping:543||Mapped "{[/],methods=[GET]}" onto public java.lang.String org.springframework.cloud.netflix.eureka.server.EurekaController.status(javax.servlet.http.HttpServletRequest,java.util.Map<java.lang.String, java.lang.Object>) || ||
2017-10-18 09:54:54||main||INFO||org.springframework.web.servlet.mvc.method.annotation.RequestMappingHandlerMapping:543||Mapped "{[/lastn],methods=[GET]}" onto public java.lang.String org.springframework.cloud.netflix.eureka.server.EurekaController.lastn(javax.servlet.http.HttpServletRequest,java.util.Map<java.lang.String, java.lang.Object>) || ||
2017-10-18 09:54:54||main||INFO||org.springframework.web.servlet.handler.SimpleUrlHandlerMapping:362||Mapped URL path [/webjars/**] onto handler of type [class org.springframework.web.servlet.resource.ResourceHttpRequestHandler] || ||
2017-10-18 09:54:54||main||INFO||org.springframework.web.servlet.handler.SimpleUrlHandlerMapping:362||Mapped URL path [/**] onto handler of type [class org.springframework.web.servlet.resource.ResourceHttpRequestHandler] || ||
2017-10-18 09:54:54||main||INFO||org.springframework.web.servlet.handler.SimpleUrlHandlerMapping:362||Mapped URL path [/**/favicon.ico] onto handler of type [class org.springframework.web.servlet.resource.ResourceHttpRequestHandler] || ||
2017-10-18 09:54:55||main||INFO||org.springframework.boot.actuate.endpoint.mvc.EndpointHandlerMapping:543||Mapped "{[/heapdump || /heapdump.json],methods=[GET],produces=[application/octet-stream]}" onto public void org.springframework.boot.actuate.endpoint.mvc.HeapdumpMvcEndpoint.invoke(boolean,javax.servlet.http.HttpServletRequest,javax.servlet.http.HttpServletResponse) throws java.io.IOException,javax.servlet.ServletException || ||
2017-10-18 09:54:55||main||INFO||org.springframework.boot.actuate.endpoint.mvc.EndpointHandlerMapping:543||Mapped "{[/features || /features.json],methods=[GET],produces=[application/vnd.spring-boot.actuator.v1+json || application/json]}" onto public java.lang.Object org.springframework.boot.actuate.endpoint.mvc.EndpointMvcAdapter.invoke() || ||
2017-10-18 09:54:55||main||INFO||org.springframework.boot.actuate.endpoint.mvc.EndpointHandlerMapping:543||Mapped "{[/mappings || /mappings.json],methods=[GET],produces=[application/vnd.spring-boot.actuator.v1+json || application/json]}" onto public java.lang.Object org.springframework.boot.actuate.endpoint.mvc.EndpointMvcAdapter.invoke() || ||
2017-10-18 09:54:55||main||INFO||org.springframework.boot.actuate.endpoint.mvc.EndpointHandlerMapping:543||Mapped "{[/env],methods=[POST]}" onto public java.lang.Object org.springframework.cloud.context.environment.EnvironmentManagerMvcEndpoint.value(java.util.Map<java.lang.String, java.lang.String>) || ||
2017-10-18 09:54:55||main||INFO||org.springframework.boot.actuate.endpoint.mvc.EndpointHandlerMapping:543||Mapped "{[/env/reset],methods=[POST]}" onto public java.util.Map<java.lang.String, java.lang.Object> org.springframework.cloud.context.environment.EnvironmentManagerMvcEndpoint.reset() || ||
2017-10-18 09:54:55||main||INFO||org.springframework.boot.actuate.endpoint.mvc.EndpointHandlerMapping:543||Mapped "{[/beans || /beans.json],methods=[GET],produces=[application/vnd.spring-boot.actuator.v1+json || application/json]}" onto public java.lang.Object org.springframework.boot.actuate.endpoint.mvc.EndpointMvcAdapter.invoke() || ||
2017-10-18 09:54:55||main||INFO||org.springframework.boot.actuate.endpoint.mvc.EndpointHandlerMapping:543||Mapped "{[/service-registry/instance-status],methods=[POST]}" onto public org.springframework.http.ResponseEntity<?> org.springframework.cloud.client.serviceregistry.endpoint.ServiceRegistryEndpoint.setStatus(java.lang.String) || ||
2017-10-18 09:54:55||main||INFO||org.springframework.boot.actuate.endpoint.mvc.EndpointHandlerMapping:543||Mapped "{[/service-registry/instance-status],methods=[GET]}" onto public org.springframework.http.ResponseEntity org.springframework.cloud.client.serviceregistry.endpoint.ServiceRegistryEndpoint.getStatus() || ||
2017-10-18 09:54:55||main||INFO||org.springframework.boot.actuate.endpoint.mvc.EndpointHandlerMapping:543||Mapped "{[/archaius || /archaius.json],methods=[GET],produces=[application/vnd.spring-boot.actuator.v1+json || application/json]}" onto public java.lang.Object org.springframework.boot.actuate.endpoint.mvc.EndpointMvcAdapter.invoke() || ||
2017-10-18 09:54:55||main||INFO||org.springframework.boot.actuate.endpoint.mvc.EndpointHandlerMapping:543||Mapped "{[/pause || /pause.json],methods=[POST]}" onto public java.lang.Object org.springframework.cloud.endpoint.GenericPostableMvcEndpoint.invoke() || ||
2017-10-18 09:54:55||main||INFO||org.springframework.boot.actuate.endpoint.mvc.EndpointHandlerMapping:543||Mapped "{[/metrics/{name:.*}],methods=[GET],produces=[application/vnd.spring-boot.actuator.v1+json || application/json]}" onto public java.lang.Object org.springframework.boot.actuate.endpoint.mvc.MetricsMvcEndpoint.value(java.lang.String) || ||
2017-10-18 09:54:55||main||INFO||org.springframework.boot.actuate.endpoint.mvc.EndpointHandlerMapping:543||Mapped "{[/metrics || /metrics.json],methods=[GET],produces=[application/vnd.spring-boot.actuator.v1+json || application/json]}" onto public java.lang.Object org.springframework.boot.actuate.endpoint.mvc.EndpointMvcAdapter.invoke() || ||
2017-10-18 09:54:55||main||INFO||org.springframework.boot.actuate.endpoint.mvc.EndpointHandlerMapping:543||Mapped "{[/restart || /restart.json],methods=[POST]}" onto public java.lang.Object org.springframework.cloud.context.restart.RestartMvcEndpoint.invoke() || ||
2017-10-18 09:54:55||main||INFO||org.springframework.boot.actuate.endpoint.mvc.EndpointHandlerMapping:543||Mapped "{[/dump || /dump.json],methods=[GET],produces=[application/vnd.spring-boot.actuator.v1+json || application/json]}" onto public java.lang.Object org.springframework.boot.actuate.endpoint.mvc.EndpointMvcAdapter.invoke() || ||
2017-10-18 09:54:55||main||INFO||org.springframework.boot.actuate.endpoint.mvc.EndpointHandlerMapping:543||Mapped "{[/loggers/{name:.*}],methods=[GET],produces=[application/vnd.spring-boot.actuator.v1+json || application/json]}" onto public java.lang.Object org.springframework.boot.actuate.endpoint.mvc.LoggersMvcEndpoint.get(java.lang.String) || ||
2017-10-18 09:54:55||main||INFO||org.springframework.boot.actuate.endpoint.mvc.EndpointHandlerMapping:543||Mapped "{[/loggers/{name:.*}],methods=[POST],consumes=[application/vnd.spring-boot.actuator.v1+json || application/json],produces=[application/vnd.spring-boot.actuator.v1+json || application/json]}" onto public java.lang.Object org.springframework.boot.actuate.endpoint.mvc.LoggersMvcEndpoint.set(java.lang.String,java.util.Map<java.lang.String, java.lang.String>) || ||
2017-10-18 09:54:55||main||INFO||org.springframework.boot.actuate.endpoint.mvc.EndpointHandlerMapping:543||Mapped "{[/loggers || /loggers.json],methods=[GET],produces=[application/vnd.spring-boot.actuator.v1+json || application/json]}" onto public java.lang.Object org.springframework.boot.actuate.endpoint.mvc.EndpointMvcAdapter.invoke() || ||
2017-10-18 09:54:55||main||INFO||org.springframework.boot.actuate.endpoint.mvc.EndpointHandlerMapping:543||Mapped "{[/health || /health.json],methods=[GET],produces=[application/vnd.spring-boot.actuator.v1+json || application/json]}" onto public java.lang.Object org.springframework.boot.actuate.endpoint.mvc.HealthMvcEndpoint.invoke(javax.servlet.http.HttpServletRequest,java.security.Principal) || ||
2017-10-18 09:54:55||main||INFO||org.springframework.boot.actuate.endpoint.mvc.EndpointHandlerMapping:543||Mapped "{[/info || /info.json],methods=[GET],produces=[application/vnd.spring-boot.actuator.v1+json || application/json]}" onto public java.lang.Object org.springframework.boot.actuate.endpoint.mvc.EndpointMvcAdapter.invoke() || ||
2017-10-18 09:54:55||main||INFO||org.springframework.boot.actuate.endpoint.mvc.EndpointHandlerMapping:543||Mapped "{[/auditevents || /auditevents.json],methods=[GET],produces=[application/vnd.spring-boot.actuator.v1+json || application/json]}" onto public org.springframework.http.ResponseEntity<?> org.springframework.boot.actuate.endpoint.mvc.AuditEventsMvcEndpoint.findByPrincipalAndAfterAndType(java.lang.String,java.util.Date,java.lang.String) || ||
2017-10-18 09:54:55||main||INFO||org.springframework.boot.actuate.endpoint.mvc.EndpointHandlerMapping:543||Mapped "{[/refresh || /refresh.json],methods=[POST]}" onto public java.lang.Object org.springframework.cloud.endpoint.GenericPostableMvcEndpoint.invoke() || ||
2017-10-18 09:54:55||main||INFO||org.springframework.boot.actuate.endpoint.mvc.EndpointHandlerMapping:543||Mapped "{[/resume || /resume.json],methods=[POST]}" onto public java.lang.Object org.springframework.cloud.endpoint.GenericPostableMvcEndpoint.invoke() || ||
2017-10-18 09:54:55||main||INFO||org.springframework.boot.actuate.endpoint.mvc.EndpointHandlerMapping:543||Mapped "{[/autoconfig || /autoconfig.json],methods=[GET],produces=[application/vnd.spring-boot.actuator.v1+json || application/json]}" onto public java.lang.Object org.springframework.boot.actuate.endpoint.mvc.EndpointMvcAdapter.invoke() || ||
2017-10-18 09:54:55||main||INFO||org.springframework.boot.actuate.endpoint.mvc.EndpointHandlerMapping:543||Mapped "{[/env/{name:.*}],methods=[GET],produces=[application/vnd.spring-boot.actuator.v1+json || application/json]}" onto public java.lang.Object org.springframework.boot.actuate.endpoint.mvc.EnvironmentMvcEndpoint.value(java.lang.String) || ||
2017-10-18 09:54:55||main||INFO||org.springframework.boot.actuate.endpoint.mvc.EndpointHandlerMapping:543||Mapped "{[/env || /env.json],methods=[GET],produces=[application/vnd.spring-boot.actuator.v1+json || application/json]}" onto public java.lang.Object org.springframework.boot.actuate.endpoint.mvc.EndpointMvcAdapter.invoke() || ||
2017-10-18 09:54:55||main||INFO||org.springframework.boot.actuate.endpoint.mvc.EndpointHandlerMapping:543||Mapped "{[/trace || /trace.json],methods=[GET],produces=[application/vnd.spring-boot.actuator.v1+json || application/json]}" onto public java.lang.Object org.springframework.boot.actuate.endpoint.mvc.EndpointMvcAdapter.invoke() || ||
2017-10-18 09:54:55||main||INFO||org.springframework.boot.actuate.endpoint.mvc.EndpointHandlerMapping:543||Mapped "{[/configprops || /configprops.json],methods=[GET],produces=[application/vnd.spring-boot.actuator.v1+json || application/json]}" onto public java.lang.Object org.springframework.boot.actuate.endpoint.mvc.EndpointMvcAdapter.invoke() || ||
2017-10-18 09:54:55||main||INFO||org.springframework.ui.freemarker.SpringTemplateLoader:61||SpringTemplateLoader for FreeMarker: using resource loader [org.springframework.boot.context.embedded.AnnotationConfigEmbeddedWebApplicationContext@76b224cd: startup date [Wed Oct 18 09:54:50 GMT+08:00 2017]; parent: org.springframework.context.annotation.AnnotationConfigApplicationContext@5456afaa] and template loader path [classpath:/templates/] || ||
2017-10-18 09:54:55||main||INFO||org.springframework.web.servlet.view.freemarker.FreeMarkerConfigurer:127||ClassTemplateLoader for Spring macros added to FreeMarker configuration || ||
2017-10-18 09:54:55||main||INFO||org.springframework.cloud.netflix.eureka.InstanceInfoFactory:70||Setting initial instance status as: STARTING || ||
2017-10-18 09:54:55||main||INFO||com.netflix.discovery.DiscoveryClient:344||Initializing Eureka in region us-east-1 || ||
2017-10-18 09:54:55||main||INFO||com.netflix.discovery.DiscoveryClient:347||Client configured to neither register nor query for data. || ||
2017-10-18 09:54:55||main||INFO||com.netflix.discovery.DiscoveryClient:361||Discovery Client initialized at timestamp 1508291695640 with initial instances count: 0 || ||
2017-10-18 09:54:55||main||INFO||com.netflix.eureka.DefaultEurekaServerContext:63||Initializing ... || ||
2017-10-18 09:54:55||main||WARN||com.netflix.eureka.cluster.PeerEurekaNodes:156||The replica size seems to be empty. Check the route 53 DNS Registry || ||
2017-10-18 09:54:55||main||INFO||com.netflix.eureka.registry.AbstractInstanceRegistry:152||Finished initializing remote region registries. All known remote regions: [] || ||
2017-10-18 09:54:55||main||INFO||com.netflix.eureka.DefaultEurekaServerContext:66||Initialized || ||
2017-10-18 09:54:55||main||INFO||org.springframework.jmx.export.annotation.AnnotationMBeanExporter:431||Registering beans for JMX exposure on startup || ||
2017-10-18 09:54:55||main||INFO||org.springframework.jmx.export.annotation.AnnotationMBeanExporter:916||Bean with name 'environmentManager' has been autodetected for JMX exposure || ||
2017-10-18 09:54:55||main||INFO||org.springframework.jmx.export.annotation.AnnotationMBeanExporter:916||Bean with name 'configurationPropertiesRebinder' has been autodetected for JMX exposure || ||
2017-10-18 09:54:55||main||INFO||org.springframework.jmx.export.annotation.AnnotationMBeanExporter:916||Bean with name 'refreshEndpoint' has been autodetected for JMX exposure || ||
2017-10-18 09:54:55||main||INFO||org.springframework.jmx.export.annotation.AnnotationMBeanExporter:916||Bean with name 'restartEndpoint' has been autodetected for JMX exposure || ||
2017-10-18 09:54:55||main||INFO||org.springframework.jmx.export.annotation.AnnotationMBeanExporter:916||Bean with name 'serviceRegistryEndpoint' has been autodetected for JMX exposure || ||
2017-10-18 09:54:55||main||INFO||org.springframework.jmx.export.annotation.AnnotationMBeanExporter:916||Bean with name 'refreshScope' has been autodetected for JMX exposure || ||
2017-10-18 09:54:55||main||INFO||org.springframework.jmx.export.annotation.AnnotationMBeanExporter:678||Located managed bean 'environmentManager': registering with JMX server as MBean [org.springframework.cloud.context.environment:name=environmentManager,type=EnvironmentManager] || ||
2017-10-18 09:54:55||main||INFO||org.springframework.jmx.export.annotation.AnnotationMBeanExporter:678||Located managed bean 'restartEndpoint': registering with JMX server as MBean [org.springframework.cloud.context.restart:name=restartEndpoint,type=RestartEndpoint] || ||
2017-10-18 09:54:55||main||INFO||org.springframework.jmx.export.annotation.AnnotationMBeanExporter:678||Located managed bean 'serviceRegistryEndpoint': registering with JMX server as MBean [org.springframework.cloud.client.serviceregistry.endpoint:name=serviceRegistryEndpoint,type=ServiceRegistryEndpoint] || ||
2017-10-18 09:54:55||main||INFO||org.springframework.jmx.export.annotation.AnnotationMBeanExporter:678||Located managed bean 'refreshScope': registering with JMX server as MBean [org.springframework.cloud.context.scope.refresh:name=refreshScope,type=RefreshScope] || ||
2017-10-18 09:54:55||main||INFO||org.springframework.jmx.export.annotation.AnnotationMBeanExporter:678||Located managed bean 'configurationPropertiesRebinder': registering with JMX server as MBean [org.springframework.cloud.context.properties:name=configurationPropertiesRebinder,context=76b224cd,type=ConfigurationPropertiesRebinder] || ||
2017-10-18 09:54:55||main||INFO||org.springframework.jmx.export.annotation.AnnotationMBeanExporter:678||Located managed bean 'refreshEndpoint': registering with JMX server as MBean [org.springframework.cloud.endpoint:name=refreshEndpoint,type=RefreshEndpoint] || ||
2017-10-18 09:54:55||main||INFO||org.springframework.boot.actuate.endpoint.jmx.EndpointMBeanExporter:431||Registering beans for JMX exposure on startup || ||
2017-10-18 09:54:56||main||INFO||org.springframework.context.support.DefaultLifecycleProcessor:343||Starting beans in phase 0 || ||
2017-10-18 09:54:56||main||INFO||org.springframework.cloud.netflix.eureka.serviceregistry.EurekaServiceRegistry:40||Registering application unknown with eureka with status UP || ||
2017-10-18 09:54:56||main||INFO||org.springframework.boot.actuate.endpoint.jmx.EndpointMBeanExporter:678||Located managed bean 'auditEventsEndpoint': registering with JMX server as MBean [org.springframework.boot:type=Endpoint,name=auditEventsEndpoint] || ||
2017-10-18 09:54:56||main||INFO||org.springframework.boot.actuate.endpoint.jmx.EndpointMBeanExporter:678||Located managed bean 'archaiusEndpoint': registering with JMX server as MBean [org.springframework.boot:type=Endpoint,name=archaiusEndpoint] || ||
2017-10-18 09:54:56||main||INFO||org.springframework.boot.actuate.endpoint.jmx.EndpointMBeanExporter:678||Located managed bean 'featuresEndpoint': registering with JMX server as MBean [org.springframework.boot:type=Endpoint,name=featuresEndpoint] || ||
2017-10-18 09:54:56||main||INFO||org.springframework.boot.actuate.endpoint.jmx.EndpointMBeanExporter:678||Located managed bean 'requestMappingEndpoint': registering with JMX server as MBean [org.springframework.boot:type=Endpoint,name=requestMappingEndpoint] || ||
2017-10-18 09:54:56||main||INFO||org.springframework.boot.actuate.endpoint.jmx.EndpointMBeanExporter:678||Located managed bean 'environmentEndpoint': registering with JMX server as MBean [org.springframework.boot:type=Endpoint,name=environmentEndpoint] || ||
2017-10-18 09:54:56||main||INFO||org.springframework.boot.actuate.endpoint.jmx.EndpointMBeanExporter:678||Located managed bean 'healthEndpoint': registering with JMX server as MBean [org.springframework.boot:type=Endpoint,name=healthEndpoint] || ||
2017-10-18 09:54:56||main||INFO||org.springframework.boot.actuate.endpoint.jmx.EndpointMBeanExporter:678||Located managed bean 'beansEndpoint': registering with JMX server as MBean [org.springframework.boot:type=Endpoint,name=beansEndpoint] || ||
2017-10-18 09:54:56||main||INFO||org.springframework.boot.actuate.endpoint.jmx.EndpointMBeanExporter:678||Located managed bean 'infoEndpoint': registering with JMX server as MBean [org.springframework.boot:type=Endpoint,name=infoEndpoint] || ||
2017-10-18 09:54:56||main||INFO||org.springframework.boot.actuate.endpoint.jmx.EndpointMBeanExporter:678||Located managed bean 'loggersEndpoint': registering with JMX server as MBean [org.springframework.boot:type=Endpoint,name=loggersEndpoint] || ||
2017-10-18 09:54:56||main||INFO||org.springframework.boot.actuate.endpoint.jmx.EndpointMBeanExporter:678||Located managed bean 'metricsEndpoint': registering with JMX server as MBean [org.springframework.boot:type=Endpoint,name=metricsEndpoint] || ||
2017-10-18 09:54:56||main||INFO||org.springframework.boot.actuate.endpoint.jmx.EndpointMBeanExporter:678||Located managed bean 'traceEndpoint': registering with JMX server as MBean [org.springframework.boot:type=Endpoint,name=traceEndpoint] || ||
2017-10-18 09:54:56||main||INFO||org.springframework.boot.actuate.endpoint.jmx.EndpointMBeanExporter:678||Located managed bean 'dumpEndpoint': registering with JMX server as MBean [org.springframework.boot:type=Endpoint,name=dumpEndpoint] || ||
2017-10-18 09:54:56||main||INFO||org.springframework.boot.actuate.endpoint.jmx.EndpointMBeanExporter:678||Located managed bean 'autoConfigurationReportEndpoint': registering with JMX server as MBean [org.springframework.boot:type=Endpoint,name=autoConfigurationReportEndpoint] || ||
2017-10-18 09:54:56||main||INFO||org.springframework.boot.actuate.endpoint.jmx.EndpointMBeanExporter:678||Located managed bean 'configurationPropertiesReportEndpoint': registering with JMX server as MBean [org.springframework.boot:type=Endpoint,name=configurationPropertiesReportEndpoint] || ||
2017-10-18 09:54:56||main||INFO||org.apache.coyote.http11.Http11NioProtocol:179||Initializing ProtocolHandler ["http-nio-8761"] || ||
2017-10-18 09:54:56||main||INFO||org.apache.coyote.http11.Http11NioProtocol:179||Starting ProtocolHandler ["http-nio-8761"] || ||
2017-10-18 09:54:56||main||INFO||org.apache.tomcat.util.net.NioSelectorPool:179||Using a shared selector for servlet write/read || ||
2017-10-18 09:54:56||Thread-11||INFO||org.springframework.cloud.netflix.eureka.server.EurekaServerBootstrap:107||Setting the eureka configuration.. || ||
2017-10-18 09:54:56||Thread-11||INFO||org.springframework.cloud.netflix.eureka.server.EurekaServerBootstrap:112||Eureka data center value eureka.datacenter is not set, defaulting to default || ||
2017-10-18 09:54:56||Thread-11||INFO||org.springframework.cloud.netflix.eureka.server.EurekaServerBootstrap:126||Eureka environment value eureka.environment is not set, defaulting to test || ||
2017-10-18 09:54:56||main||INFO||org.springframework.boot.context.embedded.tomcat.TomcatEmbeddedServletContainer:201||Tomcat started on port(s): 8761 (http) || ||
2017-10-18 09:54:56||main||INFO||org.springframework.cloud.netflix.eureka.serviceregistry.EurekaAutoServiceRegistration:117||Updating port to 8761 || ||
2017-10-18 09:54:56||main||INFO||com.bbd.eurake.EurakeApplication:57||Started EurakeApplication in 7.293 seconds (JVM running for 7.922) || ||
2017-10-18 09:54:56||Thread-11||INFO||org.springframework.cloud.netflix.eureka.server.EurekaServerBootstrap:182||isAws returned false || ||
2017-10-18 09:54:56||Thread-11||INFO||org.springframework.cloud.netflix.eureka.server.EurekaServerBootstrap:150||Initialized server context || ||
2017-10-18 09:54:56||Thread-11||INFO||com.netflix.eureka.registry.PeerAwareInstanceRegistryImpl:242||Got 1 instances from neighboring DS node || ||
2017-10-18 09:54:56||Thread-11||INFO||com.netflix.eureka.registry.PeerAwareInstanceRegistryImpl:243||Renew threshold is: 1 || ||
2017-10-18 09:54:56||Thread-11||INFO||com.netflix.eureka.registry.PeerAwareInstanceRegistryImpl:254||Changing status to UP || ||
2017-10-18 09:54:56||Thread-11||INFO||org.springframework.cloud.netflix.eureka.server.EurekaServerInitializerConfiguration:71||Started Eureka Server || ||
